<?xml version="1.0" encoding="UTF-8"?>
<!-- Generated by org.testng.reporters.JUnitXMLReporter -->
<testsuite ignored="0" hostname="DESKTOP-U4U1420" failures="0" tests="4" name="Statelymen_Test_Suite" time="318.651" errors="0" timestamp="10 Sep 2022 06:54:27 GMT">
  <testcase classname="com.testcases.Quiz_Statelymen_Test" name="Quiz_Test_Login" time="36.945"/>
  <testcase classname="com.testcases.Quiz_Statelymen_Test" name="Quiz_Test_Login" time="36.836"/>
  <testcase classname="com.testcases.Quiz_Statelymen_Test" name="Quiz_Test_Login" time="36.678"/>
  <testcase classname="com.testcases.Quiz_Statelymen_Test" name="Quiz_Test_Login" time="36.82"/>
</testsuite> <!-- Statelymen_Test_Suite -->
