<?xml version="1.0" encoding="UTF-8"?>
<testng-results ignored="0" total="4" passed="4" failed="0" skipped="0">
  <reporter-output>
  </reporter-output>
  <suite started-at="2022-09-10T06:49:08Z" name="Suite" finished-at="2022-09-10T06:54:27Z" duration-ms="318651">
    <groups>
    </groups>
    <test started-at="2022-09-10T06:49:08Z" name="Statelymen_Test_Suite" finished-at="2022-09-10T06:54:27Z" duration-ms="318651">
      <class name="com.testcases.Quiz_Statelymen_Test">
        <test-method is-config="true" signature="setup()[pri:0, instance:com.testcases.Quiz_Statelymen_Test@3b8f0a79]" started-at="2022-09-10T12:19:09Z" name="setup" finished-at="2022-09-10T12:19:55Z" duration-ms="45686" status="PASS">
          <reporter-output>
          </reporter-output>
        </test-method> <!-- setup -->
        <test-method signature="Quiz_Test_Login(java.lang.String, java.lang.String)[pri:0, instance:com.testcases.Quiz_Statelymen_Test@3b8f0a79]" started-at="2022-09-10T12:19:55Z" name="Quiz_Test_Login" data-provider="Quiz_Already_SignUp_Email_Data" finished-at="2022-09-10T12:20:32Z" duration-ms="36945" status="PASS">
          <params>
            <param index="0">
              <value>
                <![CDATA[rohansinghh232@gmail.com]]>
              </value>
            </param>
            <param index="1">
              <value>
                <![CDATA[Qwerty@23]]>
              </value>
            </param>
          </params>
          <reporter-output>
          </reporter-output>
        </test-method> <!-- Quiz_Test_Login -->
        <test-method is-config="true" signature="tearDown()[pri:0, instance:com.testcases.Quiz_Statelymen_Test@3b8f0a79]" started-at="2022-09-10T12:20:32Z" name="tearDown" finished-at="2022-09-10T12:20:32Z" duration-ms="247" status="PASS">
          <reporter-output>
          </reporter-output>
        </test-method> <!-- tearDown -->
        <test-method is-config="true" signature="setup()[pri:0, instance:com.testcases.Quiz_Statelymen_Test@3b8f0a79]" started-at="2022-09-10T12:20:32Z" name="setup" finished-at="2022-09-10T12:21:14Z" duration-ms="41872" status="PASS">
          <reporter-output>
          </reporter-output>
        </test-method> <!-- setup -->
        <test-method signature="Quiz_Test_Login(java.lang.String, java.lang.String)[pri:0, instance:com.testcases.Quiz_Statelymen_Test@3b8f0a79]" started-at="2022-09-10T12:21:14Z" name="Quiz_Test_Login" data-provider="Quiz_Already_SignUp_Email_Data" finished-at="2022-09-10T12:21:51Z" duration-ms="36836" status="PASS">
          <params>
            <param index="0">
              <value>
                <![CDATA[amaantyagi007@gmail.com]]>
              </value>
            </param>
            <param index="1">
              <value>
                <![CDATA[Qwerty@231]]>
              </value>
            </param>
          </params>
          <reporter-output>
          </reporter-output>
        </test-method> <!-- Quiz_Test_Login -->
        <test-method is-config="true" signature="tearDown()[pri:0, instance:com.testcases.Quiz_Statelymen_Test@3b8f0a79]" started-at="2022-09-10T12:21:51Z" name="tearDown" finished-at="2022-09-10T12:21:53Z" duration-ms="2463" status="PASS">
          <reporter-output>
          </reporter-output>
        </test-method> <!-- tearDown -->
        <test-method is-config="true" signature="setup()[pri:0, instance:com.testcases.Quiz_Statelymen_Test@3b8f0a79]" started-at="2022-09-10T12:21:53Z" name="setup" finished-at="2022-09-10T12:22:32Z" duration-ms="39095" status="PASS">
          <reporter-output>
          </reporter-output>
        </test-method> <!-- setup -->
        <test-method signature="Quiz_Test_Login(java.lang.String, java.lang.String)[pri:0, instance:com.testcases.Quiz_Statelymen_Test@3b8f0a79]" started-at="2022-09-10T12:22:32Z" name="Quiz_Test_Login" data-provider="Quiz_Already_SignUp_Email_Data" finished-at="2022-09-10T12:23:09Z" duration-ms="36678" status="PASS">
          <params>
            <param index="0">
              <value>
                <![CDATA[aakash@toecap.com]]>
              </value>
            </param>
            <param index="1">
              <value>
                <![CDATA[aakash@123]]>
              </value>
            </param>
          </params>
          <reporter-output>
          </reporter-output>
        </test-method> <!-- Quiz_Test_Login -->
        <test-method is-config="true" signature="tearDown()[pri:0, instance:com.testcases.Quiz_Statelymen_Test@3b8f0a79]" started-at="2022-09-10T12:23:09Z" name="tearDown" finished-at="2022-09-10T12:23:09Z" duration-ms="289" status="PASS">
          <reporter-output>
          </reporter-output>
        </test-method> <!-- tearDown -->
        <test-method is-config="true" signature="setup()[pri:0, instance:com.testcases.Quiz_Statelymen_Test@3b8f0a79]" started-at="2022-09-10T12:23:09Z" name="setup" finished-at="2022-09-10T12:23:50Z" duration-ms="40738" status="PASS">
          <reporter-output>
          </reporter-output>
        </test-method> <!-- setup -->
        <test-method signature="Quiz_Test_Login(java.lang.String, java.lang.String)[pri:0, instance:com.testcases.Quiz_Statelymen_Test@3b8f0a79]" started-at="2022-09-10T12:23:50Z" name="Quiz_Test_Login" data-provider="Quiz_Already_SignUp_Email_Data" finished-at="2022-09-10T12:24:27Z" duration-ms="36820" status="PASS">
          <params>
            <param index="0">
              <value>
                <![CDATA[amaantyagi007@gmail.com]]>
              </value>
            </param>
            <param index="1">
              <value>
                <![CDATA[Qwerty@231]]>
              </value>
            </param>
          </params>
          <reporter-output>
          </reporter-output>
        </test-method> <!-- Quiz_Test_Login -->
        <test-method is-config="true" signature="tearDown()[pri:0, instance:com.testcases.Quiz_Statelymen_Test@3b8f0a79]" started-at="2022-09-10T12:24:27Z" name="tearDown" finished-at="2022-09-10T12:24:27Z" duration-ms="276" status="PASS">
          <reporter-output>
          </reporter-output>
        </test-method> <!-- tearDown -->
      </class> <!-- com.testcases.Quiz_Statelymen_Test -->
    </test> <!-- Statelymen_Test_Suite -->
  </suite> <!-- Suite -->
</testng-results>
